<?xml version="1.0" encoding="UTF-8"?>
<testng-results total="1" passed="1" failed="0" skipped="0">
  <reporter-output>
  </reporter-output>
  <suite started-at="2021-09-08T07:03:38Z" name="Surefire suite" finished-at="2021-09-08T07:03:38Z" duration-ms="17">
    <groups>
    </groups>
    <test started-at="2021-09-08T07:03:38Z" name="Surefire test" finished-at="2021-09-08T07:03:38Z" duration-ms="17">
      <class name="com.test.TestMaven">
        <test-method signature="Test1()[pri:0, instance:com.test.TestMaven@6973b51b]" started-at="2021-09-08T12:33:38Z" name="Test1" finished-at="2021-09-08T12:33:38Z" duration-ms="7" status="PASS">
          <reporter-output>
          </reporter-output>
        </test-method> <!-- Test1 -->
      </class> <!-- com.test.TestMaven -->
    </test> <!-- Surefire test -->
  </suite> <!-- Surefire suite -->
</testng-results>
