<?xml version="1.0" encoding="UTF-8"?>
<testng-results total="1" passed="1" failed="0" skipped="0">
  <reporter-output>
  </reporter-output>
  <suite started-at="2021-09-08T07:04:33Z" name="Suite" finished-at="2021-09-08T07:04:33Z" duration-ms="23">
    <groups>
    </groups>
    <test started-at="2021-09-08T07:04:33Z" name="Test" finished-at="2021-09-08T07:04:33Z" duration-ms="23">
      <class name="com.test.TestMaven">
        <test-method signature="Test1()[pri:0, instance:com.test.TestMaven@1863d2fe]" started-at="2021-09-08T12:34:33Z" name="Test1" finished-at="2021-09-08T12:34:33Z" duration-ms="10" status="PASS">
          <reporter-output>
          </reporter-output>
        </test-method> <!-- Test1 -->
      </class> <!-- com.test.TestMaven -->
    </test> <!-- Test -->
  </suite> <!-- Suite -->
</testng-results>
